<?xml version="1.0" encoding="UTF-8"?>
<!-- Generated by org.testng.reporters.JUnitXMLReporter -->
<testsuite hostname="Shaveta-PC" ignored="0" tests="1" failures="1" timestamp="21 Aug 2019 16:33:37 GMT" time="19.986" errors="0">
  <testcase name="setUp" time="19.942" classname="TestProject">
    <failure type="java.lang.AssertionError" message="expected [Facebook – log in or sign up] but found [Facebook]">
      <![CDATA[java.lang.AssertionError: expected [Facebook – log in or sign up] but found [Facebook]
at TestProject.setUp(TestProject.java:15)
... Removed 35 stack frames]]>
    </failure>
  </testcase> <!-- setUp -->
</testsuite>
