<?xml version="1.0" encoding="UTF-8"?>
<testng-results skipped="0" failed="0" ignored="0" total="1" passed="1">
  <reporter-output>
  </reporter-output>
  <suite name="Default suite" duration-ms="31772" started-at="2019-08-21T16:25:18Z" finished-at="2019-08-21T16:25:50Z">
    <groups>
    </groups>
    <test name="Default test" duration-ms="31772" started-at="2019-08-21T16:25:18Z" finished-at="2019-08-21T16:25:50Z">
      <class name="TestProject">
        <test-method status="PASS" signature="setUp()[pri:0, instance:TestProject@132ec19]" name="setUp" duration-ms="31726" started-at="2019-08-21T16:25:18Z" finished-at="2019-08-21T16:25:50Z">
          <reporter-output>
          </reporter-output>
        </test-method> <!-- setUp -->
      </class> <!-- TestProject -->
    </test> <!-- Default test -->
  </suite> <!-- Default suite -->
</testng-results>
